#
# A fatal error has been detected by the Java Runtime Environment:
#
#  EXCEPTION_UNCAUGHT_CXX_EXCEPTION (0xe06d7363) at pc=0x00007ff90c5aa839, pid=8156, tid=30852
#
# JRE version: OpenJDK Runtime Environment (11.0.5+10) (build 11.0.5+10-b520.17)
# Java VM: OpenJDK 64-Bit Server VM (11.0.5+10-b520.17, mixed mode, tiered, compressed oops, g1 gc, windows-amd64)
# Problematic frame:
# C  [KERNELBASE.dll+0x3a839]
#
# No core dump will be written. Minidumps are not enabled by default on client versions of Windows
#
# If you would like to submit a bug report, please visit:
#   http://bugreport.java.com/bugreport/crash.jsp
#

---------------  S U M M A R Y ------------

Command Line: org.jetbrains.git4idea.http.GitAskPassApp Username for 'https://gitlab.dataart.com': 

Host: Intel(R) Core(TM) i5-8365U CPU @ 1.60GHz, 8 cores, 15G,  Windows 10 , 64 bit Build 18362 (10.0.18362.329)
Time: Fri Jan 10 17:46:57 2020 Central European Standard Time elapsed time: 0 seconds (0d 0h 0m 0s)

---------------  T H R E A D  ---------------

Current thread (0x000000000365a800):  JavaThread "main" [_thread_in_vm, id=30852, stack(0x0000000002d30000,0x0000000002e30000)]

Stack: [0x0000000002d30000,0x0000000002e30000],  sp=0x0000000002e2b690,  free space=1005k
Native frames: (J=compiled Java code, j=interpreted, Vv=VM code, C=native code)
C  [KERNELBASE.dll+0x3a839]
C  [VCRUNTIME140.dll+0x4462]
C  [jimage.dll+0x389f]

Java frames: (J=compiled Java code, j=interpreted, Vv=VM code)
j  java.lang.invoke.DirectMethodHandle.shouldBeInitialized(Ljava/lang/invoke/MemberName;)Z+65 java.base@11.0.5
j  java.lang.invoke.DirectMethodHandle.preparedLambdaForm(Ljava/lang/invoke/MemberName;Z)Ljava/lang/invoke/LambdaForm;+135 java.base@11.0.5
j  java.lang.invoke.DirectMethodHandle.preparedLambdaForm(Ljava/lang/invoke/MemberName;)Ljava/lang/invoke/LambdaForm;+2 java.base@11.0.5
j  java.lang.invoke.DirectMethodHandle.make(BLjava/lang/Class;Ljava/lang/invoke/MemberName;Ljava/lang/Class;)Ljava/lang/invoke/DirectMethodHandle;+157 java.base@11.0.5
j  java.lang.invoke.MethodHandles$Lookup.getDirectMethodCommon(BLjava/lang/Class;Ljava/lang/invoke/MemberName;ZZLjava/lang/Class;)Ljava/lang/invoke/MethodHandle;+205 java.base@11.0.5
j  java.lang.invoke.MethodHandles$Lookup.getDirectMethodNoSecurityManager(BLjava/lang/Class;Ljava/lang/invoke/MemberName;Ljava/lang/Class;)Ljava/lang/invoke/MethodHandle;+14 java.base@11.0.5
j  java.lang.invoke.MethodHandles$Lookup.getDirectMethodForConstant(BLjava/lang/Class;Ljava/lang/invoke/MemberName;)Ljava/lang/invoke/MethodHandle;+30 java.base@11.0.5
j  java.lang.invoke.MethodHandles$Lookup.linkMethodHandleConstant(BLjava/lang/Class;Ljava/lang/String;Ljava/lang/Object;)Ljava/lang/invoke/MethodHandle;+150 java.base@11.0.5
j  java.lang.invoke.MethodHandleNatives.linkMethodHandleConstant(Ljava/lang/Class;ILjava/lang/Class;Ljava/lang/String;Ljava/lang/Object;)Ljava/lang/invoke/MethodHandle;+38 java.base@11.0.5
v  ~StubRoutines::call_stub
j  java.lang.ModuleLayer.getServicesCatalog()Ljdk/internal/module/ServicesCatalog;+43 java.base@11.0.5
j  java.lang.System$2.getServicesCatalog(Ljava/lang/ModuleLayer;)Ljdk/internal/module/ServicesCatalog;+1 java.base@11.0.5
j  java.util.ServiceLoader$ModuleServicesLookupIterator.providers(Ljava/lang/ModuleLayer;)Ljava/util/List;+4 java.base@11.0.5
j  java.util.ServiceLoader$ModuleServicesLookupIterator.iteratorFor(Ljava/lang/ClassLoader;)Ljava/util/Iterator;+112 java.base@11.0.5
j  java.util.ServiceLoader$ModuleServicesLookupIterator.<init>(Ljava/util/ServiceLoader;)V+23 java.base@11.0.5
j  java.util.ServiceLoader.newLookupIterator()Ljava/util/Iterator;+49 java.base@11.0.5
j  java.util.ServiceLoader.iterator()Ljava/util/Iterator;+9 java.base@11.0.5
j  java.net.URL$1.<init>()V+29 java.base@11.0.5
j  java.net.URL.providers()Ljava/util/Iterator;+4 java.base@11.0.5
j  java.net.URL$2.run()Ljava/net/URLStreamHandler;+0 java.base@11.0.5
j  java.net.URL$2.run()Ljava/lang/Object;+1 java.base@11.0.5
v  ~StubRoutines::call_stub
j  java.security.AccessController.doPrivileged(Ljava/security/PrivilegedAction;)Ljava/lang/Object;+0 java.base@11.0.5
j  java.net.URL.lookupViaProviders(Ljava/lang/String;)Ljava/net/URLStreamHandler;+36 java.base@11.0.5
j  java.net.URL.getURLStreamHandler(Ljava/lang/String;)Ljava/net/URLStreamHandler;+68 java.base@11.0.5
j  java.net.URL.<init>(Ljava/net/URL;Ljava/lang/String;Ljava/net/URLStreamHandler;)V+386 java.base@11.0.5
j  java.net.URL.<init>(Ljava/net/URL;Ljava/lang/String;)V+4 java.base@11.0.5
j  java.net.URL.<init>(Ljava/lang/String;)V+3 java.base@11.0.5
j  org.apache.xmlrpc.XmlRpcClient.<init>(Ljava/lang/String;I)V+38
j  org.apache.xmlrpc.XmlRpcClientLite.<init>(Ljava/lang/String;I)V+3
j  org.jetbrains.git4idea.http.GitAskPassXmlRpcClient.<init>(I)V+12
j  org.jetbrains.git4idea.http.GitAskPassApp.main([Ljava/lang/String;)V+65
v  ~StubRoutines::call_stub

siginfo: EXCEPTION_UNCAUGHT_CXX_EXCEPTION (0xe06d7363), ExceptionInformation=0x0000000019930520 0x0000000002e2b810 0x00007ff9017250a8 0x00007ff901720000 


Register to memory mapping:

RIP=0x00007ff90c5aa839 KERNELBASE.dll
RAX=0x00007ff875d97b9c jvm.dll
RBX=0x000000000000d1bd is an unknown value
RCX=0x0000000003659650 points into unknown readable memory: 00 00 00 00 00 00 00 00
RDX=0x0000000003659650 points into unknown readable memory: 00 00 00 00 00 00 00 00
RSP=0x0000000002e2b690 is pointing into the stack for thread: 0x000000000365a800
RBP=0x0000000002e2b7d0 is pointing into the stack for thread: 0x000000000365a800
RSI=0x00007ff9017250a8 jimage.dll
RDI=0x0000000006b96a1f points into unknown readable memory: fa
R8 =0x000000000365b310 points into unknown readable memory: c0 ff b4 23 00 00 00 00
R9 =0x00000000000003d8 is an unknown value
R10=0x000000000365b320 points into unknown readable memory: 6a 61 76 61 2f 6c 61 6e
R11=0x000000000365b6f8 points into unknown readable memory: 36 bf be 0a 73 1c 03 08
R12=0x000000000000d1bd is an unknown value
R13=0x000000000364b4d0 points into unknown readable memory: 78 f2 f3 75 f8 7f 00 00
R14=0x0000000002e2b810 is pointing into the stack for thread: 0x000000000365a800
R15=0x0000000023b4ffd0 points into unknown readable memory: 61 2f 6c 61 6e 67 2f 69


Registers:
RAX=0x00007ff875d97b9c, RBX=0x000000000000d1bd, RCX=0x0000000003659650, RDX=0x0000000003659650
RSP=0x0000000002e2b690, RBP=0x0000000002e2b7d0, RSI=0x00007ff9017250a8, RDI=0x0000000006b96a1f
R8 =0x000000000365b310, R9 =0x00000000000003d8, R10=0x000000000365b320, R11=0x000000000365b6f8
R12=0x000000000000d1bd, R13=0x000000000364b4d0, R14=0x0000000002e2b810, R15=0x0000000023b4ffd0
RIP=0x00007ff90c5aa839, EFLAGS=0x0000000000000206

Top of Stack: (sp=0x0000000002e2b690)
0x0000000002e2b690:   0000000023b4ffb0 000000000000d1bd
0x0000000002e2b6a0:   00007ff9017250a8 0000000000000000
0x0000000002e2b6b0:   00000001e06d7363 0000000000000000
0x0000000002e2b6c0:   00007ff90c5aa839 0000000000000004
0x0000000002e2b6d0:   0000000019930520 0000000002e2b810
0x0000000002e2b6e0:   00007ff9017250a8 00007ff901720000
0x0000000002e2b6f0:   000000000364b4d0 000000000000d1bd
0x0000000002e2b700:   00007ff9017250a8 0000000002e2b7d0
0x0000000002e2b710:   0000000002e2b7f0 00007ff90ea3f49f
0x0000000002e2b720:   0000000006b96a1f 0000000000000000
0x0000000002e2b730:   0000000000000000 0000000000000030
0x0000000002e2b740:   00007ff901727000 00007ff901720000
0x0000000002e2b750:   00007880db0a9fa3 00007ff90ea735d0
0x0000000002e2b760:   000000000000d1bd 00007ff8df044462
0x0000000002e2b770:   000000000a000b01 00007ff90c591edb
0x0000000002e2b780:   0000000000da02ac 00007ff90ea735d0 

Instructions: (pc=0x00007ff90c5aa839)
0x00007ff90c5aa739:   fe ff ff 4c 8d 05 ed 46 20 00 33 d2 8d 4a 02 e8
0x00007ff90c5aa749:   b3 17 02 00 48 8b f8 48 89 44 24 58 e9 ef fd ff
0x00007ff90c5aa759:   ff 45 33 c0 49 8b d7 48 83 c9 ff e8 37 f0 02 00
0x00007ff90c5aa769:   e9 09 ff ff ff 48 8b 0d c3 0f 23 00 e8 06 f2 ff
0x00007ff90c5aa779:   ff 48 8b cf e8 4e a2 fe ff e9 f9 fe ff ff 49 8b
0x00007ff90c5aa789:   ce e8 41 a2 fe ff e9 f5 fe ff ff 48 8b ce e8 34
0x00007ff90c5aa799:   a2 fe ff e9 f1 fe ff ff cc cc cc cc cc cc cc cc
0x00007ff90c5aa7a9:   cc cc cc cc cc cc cc 65 48 8b 04 25 30 00 00 00
0x00007ff90c5aa7b9:   8b 40 68 c3 cc cc cc cc cc cc cc cc cc cc cc cc
0x00007ff90c5aa7c9:   cc cc cc cc cc cc cc 48 81 ec d8 00 00 00 48 8b
0x00007ff90c5aa7d9:   05 52 e6 22 00 48 33 c4 48 89 84 24 c0 00 00 00
0x00007ff90c5aa7e9:   48 83 64 24 28 00 48 8d 05 da ff ff ff 83 e2 01
0x00007ff90c5aa7f9:   89 4c 24 20 89 54 24 24 48 89 44 24 30 4d 85 c9
0x00007ff90c5aa809:   74 4b b8 0f 00 00 00 48 8d 4c 24 40 44 3b c0 49
0x00007ff90c5aa819:   8b d1 44 0f 47 c0 44 89 44 24 38 49 c1 e0 03 e8
0x00007ff90c5aa829:   aa 4c 05 00 48 8d 4c 24 20 48 ff 15 af bf 16 00
0x00007ff90c5aa839:   0f 1f 44 00 00 48 8b 8c 24 c0 00 00 00 48 33 cc
0x00007ff90c5aa849:   e8 c2 ee 04 00 48 81 c4 d8 00 00 00 c3 83 64 24
0x00007ff90c5aa859:   38 00 eb d0 cc cc cc cc cc cc cc 48 89 5c 24 08
0x00007ff90c5aa869:   48 89 74 24 10 57 48 83 ec 20 8b da 48 8b f9 e8
0x00007ff90c5aa879:   f3 d6 ff ff 33 f6 85 c0 0f 84 e1 86 06 00 85 db
0x00007ff90c5aa889:   0f 84 d9 86 06 00 44 8d 4e 02 ba 09 10 00 20 4c
0x00007ff90c5aa899:   8d 44 24 40 48 8b cf e8 7b b5 ff ff 85 c0 0f 84
0x00007ff90c5aa8a9:   bb 86 06 00 39 5c 24 40 0f 85 b1 86 06 00 0f b7
0x00007ff90c5aa8b9:   c3 48 8b 5c 24 30 48 8b 74 24 38 48 83 c4 20 5f
0x00007ff90c5aa8c9:   c3 cc cc cc cc cc cc 48 89 5c 24 08 48 89 74 24
0x00007ff90c5aa8d9:   10 57 48 83 ec 40 48 8b c2 48 8b f1 48 8b c8 33
0x00007ff90c5aa8e9:   d2 49 8b d9 41 8b f8 e8 5b 6c ff ff 48 8b d0 48
0x00007ff90c5aa8f9:   85 db 0f 85 9b 86 06 00 48 8b 44 24 78 44 8b c7
0x00007ff90c5aa909:   44 8b 4c 24 70 48 8b ce 48 89 44 24 38 8d 43 01
0x00007ff90c5aa919:   89 44 24 30 89 44 24 28 89 44 24 20 e8 16 00 00
0x00007ff90c5aa929:   00 48 8b 5c 24 50 48 8b 74 24 58 48 83 c4 40 5f 


Stack slot to memory mapping:
stack at sp + 0 slots: 0x0000000023b4ffb0 points into unknown readable memory: 00 00 00 00 00 00 00 00
stack at sp + 1 slots: 0x000000000000d1bd is an unknown value
stack at sp + 2 slots: 0x00007ff9017250a8 jimage.dll
stack at sp + 3 slots: 0x0 is NULL
stack at sp + 4 slots: 0x00000001e06d7363 is an unknown value
stack at sp + 5 slots: 0x0 is NULL
stack at sp + 6 slots: 0x00007ff90c5aa839 KERNELBASE.dll
stack at sp + 7 slots: 0x0000000000000004 is an unknown value


---------------  P R O C E S S  ---------------

Threads class SMR info:
_java_thread_list=0x00000000239fb200, length=10, elements={
0x000000000365a800, 0x0000000022d63800, 0x0000000022d6d000, 0x0000000022d7b000,
0x0000000022d7d000, 0x0000000023838000, 0x000000002383d000, 0x0000000023841800,
0x0000000023a26000, 0x0000000023a2f000
}

Java Threads: ( => current thread )
=>0x000000000365a800 JavaThread "main" [_thread_in_vm, id=30852, stack(0x0000000002d30000,0x0000000002e30000)]
  0x0000000022d63800 JavaThread "Reference Handler" daemon [_thread_blocked, id=34540, stack(0x0000000023c80000,0x0000000023d80000)]
  0x0000000022d6d000 JavaThread "Finalizer" daemon [_thread_blocked, id=5432, stack(0x0000000023d80000,0x0000000023e80000)]
  0x0000000022d7b000 JavaThread "Signal Dispatcher" daemon [_thread_blocked, id=11520, stack(0x0000000023f80000,0x0000000024080000)]
  0x0000000022d7d000 JavaThread "Attach Listener" daemon [_thread_blocked, id=14860, stack(0x0000000024080000,0x0000000024180000)]
  0x0000000023838000 JavaThread "C2 CompilerThread0" daemon [_thread_blocked, id=20348, stack(0x0000000024180000,0x0000000024280000)]
  0x000000002383d000 JavaThread "C1 CompilerThread0" daemon [_thread_blocked, id=35096, stack(0x0000000024280000,0x0000000024380000)]
  0x0000000023841800 JavaThread "Sweeper thread" daemon [_thread_blocked, id=29776, stack(0x0000000024380000,0x0000000024480000)]
  0x0000000023a26000 JavaThread "Service Thread" daemon [_thread_blocked, id=10752, stack(0x0000000024480000,0x0000000024580000)]
  0x0000000023a2f000 JavaThread "Common-Cleaner" daemon [_thread_blocked, id=23956, stack(0x0000000024680000,0x0000000024780000)]

Other Threads:
  0x0000000023828800 VMThread "VM Thread" [stack: 0x0000000023b80000,0x0000000023c80000] [id=33680]
  0x0000000023a27000 WatcherThread [stack: 0x0000000024580000,0x0000000024680000] [id=30836]
  0x0000000003673000 GCTaskThread "GC Thread#0" [stack: 0x0000000003010000,0x0000000003110000] [id=17552]
  0x00000000036d3000 ConcurrentGCThread "G1 Main Marker" [stack: 0x00000000200e0000,0x00000000201e0000] [id=35292]
  0x00000000036d4800 ConcurrentGCThread "G1 Conc#0" [stack: 0x00000000201e0000,0x00000000202e0000] [id=19828]
  0x0000000022c41000 ConcurrentGCThread "G1 Refine#0" [stack: 0x0000000022d80000,0x0000000022e80000] [id=34972]
  0x0000000022c42000 ConcurrentGCThread "G1 Young RemSet Sampling" [stack: 0x0000000022e80000,0x0000000022f80000] [id=29808]

Threads with active compile tasks:

VM state:not at safepoint (normal execution)

VM Mutex/Monitor currently owned by a thread: None

Heap address: 0x0000000702e00000, size: 4050 MB, Compressed Oops mode: Zero based, Oop shift amount: 3
Narrow klass base: 0x0000000800000000, Narrow klass shift: 0
Compressed class space size: 1073741824 Address: 0x0000000800000000

Heap:
 garbage-first heap   total 260096K, used 1024K [0x0000000702e00000, 0x0000000800000000)
  region size 1024K, 2 young (2048K), 0 survivors (0K)
 Metaspace       used 5098K, capacity 5200K, committed 5376K, reserved 1056768K
  class space    used 452K, capacity 496K, committed 512K, reserved 1048576K
Heap Regions: E=young(eden), S=young(survivor), O=old, HS=humongous(starts), HC=humongous(continues), CS=collection set, F=free, A=archive, TAMS=top-at-mark-start (previous, next)
|   0|0x0000000702e00000, 0x0000000702e00000, 0x0000000702f00000|  0%| F|  |TAMS 0x0000000702e00000, 0x0000000702e00000| Untracked 
|   1|0x0000000702f00000, 0x0000000702f00000, 0x0000000703000000|  0%| F|  |TAMS 0x0000000702f00000, 0x0000000702f00000| Untracked 
|   2|0x0000000703000000, 0x0000000703000000, 0x0000000703100000|  0%| F|  |TAMS 0x0000000703000000, 0x0000000703000000| Untracked 
|   3|0x0000000703100000, 0x0000000703100000, 0x0000000703200000|  0%| F|  |TAMS 0x0000000703100000, 0x0000000703100000| Untracked 
|   4|0x0000000703200000, 0x0000000703200000, 0x0000000703300000|  0%| F|  |TAMS 0x0000000703200000, 0x0000000703200000| Untracked 
|   5|0x0000000703300000, 0x0000000703300000, 0x0000000703400000|  0%| F|  |TAMS 0x0000000703300000, 0x0000000703300000| Untracked 
|   6|0x0000000703400000, 0x0000000703400000, 0x0000000703500000|  0%| F|  |TAMS 0x0000000703400000, 0x0000000703400000| Untracked 
|   7|0x0000000703500000, 0x0000000703500000, 0x0000000703600000|  0%| F|  |TAMS 0x0000000703500000, 0x0000000703500000| Untracked 
|   8|0x0000000703600000, 0x0000000703600000, 0x0000000703700000|  0%| F|  |TAMS 0x0000000703600000, 0x0000000703600000| Untracked 
|   9|0x0000000703700000, 0x0000000703700000, 0x0000000703800000|  0%| F|  |TAMS 0x0000000703700000, 0x0000000703700000| Untracked 
|  10|0x0000000703800000, 0x0000000703800000, 0x0000000703900000|  0%| F|  |TAMS 0x0000000703800000, 0x0000000703800000| Untracked 
|  11|0x0000000703900000, 0x0000000703900000, 0x0000000703a00000|  0%| F|  |TAMS 0x0000000703900000, 0x0000000703900000| Untracked 
|  12|0x0000000703a00000, 0x0000000703a00000, 0x0000000703b00000|  0%| F|  |TAMS 0x0000000703a00000, 0x0000000703a00000| Untracked 
|  13|0x0000000703b00000, 0x0000000703b00000, 0x0000000703c00000|  0%| F|  |TAMS 0x0000000703b00000, 0x0000000703b00000| Untracked 
|  14|0x0000000703c00000, 0x0000000703c00000, 0x0000000703d00000|  0%| F|  |TAMS 0x0000000703c00000, 0x0000000703c00000| Untracked 
|  15|0x0000000703d00000, 0x0000000703d00000, 0x0000000703e00000|  0%| F|  |TAMS 0x0000000703d00000, 0x0000000703d00000| Untracked 
|  16|0x0000000703e00000, 0x0000000703e00000, 0x0000000703f00000|  0%| F|  |TAMS 0x0000000703e00000, 0x0000000703e00000| Untracked 
|  17|0x0000000703f00000, 0x0000000703f00000, 0x0000000704000000|  0%| F|  |TAMS 0x0000000703f00000, 0x0000000703f00000| Untracked 
|  18|0x0000000704000000, 0x0000000704000000, 0x0000000704100000|  0%| F|  |TAMS 0x0000000704000000, 0x0000000704000000| Untracked 
|  19|0x0000000704100000, 0x0000000704100000, 0x0000000704200000|  0%| F|  |TAMS 0x0000000704100000, 0x0000000704100000| Untracked 
|  20|0x0000000704200000, 0x0000000704200000, 0x0000000704300000|  0%| F|  |TAMS 0x0000000704200000, 0x0000000704200000| Untracked 
|  21|0x0000000704300000, 0x0000000704300000, 0x0000000704400000|  0%| F|  |TAMS 0x0000000704300000, 0x0000000704300000| Untracked 
|  22|0x0000000704400000, 0x0000000704400000, 0x0000000704500000|  0%| F|  |TAMS 0x0000000704400000, 0x0000000704400000| Untracked 
|  23|0x0000000704500000, 0x0000000704500000, 0x0000000704600000|  0%| F|  |TAMS 0x0000000704500000, 0x0000000704500000| Untracked 
|  24|0x0000000704600000, 0x0000000704600000, 0x0000000704700000|  0%| F|  |TAMS 0x0000000704600000, 0x0000000704600000| Untracked 
|  25|0x0000000704700000, 0x0000000704700000, 0x0000000704800000|  0%| F|  |TAMS 0x0000000704700000, 0x0000000704700000| Untracked 
|  26|0x0000000704800000, 0x0000000704800000, 0x0000000704900000|  0%| F|  |TAMS 0x0000000704800000, 0x0000000704800000| Untracked 
|  27|0x0000000704900000, 0x0000000704900000, 0x0000000704a00000|  0%| F|  |TAMS 0x0000000704900000, 0x0000000704900000| Untracked 
|  28|0x0000000704a00000, 0x0000000704a00000, 0x0000000704b00000|  0%| F|  |TAMS 0x0000000704a00000, 0x0000000704a00000| Untracked 
|  29|0x0000000704b00000, 0x0000000704b00000, 0x0000000704c00000|  0%| F|  |TAMS 0x0000000704b00000, 0x0000000704b00000| Untracked 
|  30|0x0000000704c00000, 0x0000000704c00000, 0x0000000704d00000|  0%| F|  |TAMS 0x0000000704c00000, 0x0000000704c00000| Untracked 
|  31|0x0000000704d00000, 0x0000000704d00000, 0x0000000704e00000|  0%| F|  |TAMS 0x0000000704d00000, 0x0000000704d00000| Untracked 
|  32|0x0000000704e00000, 0x0000000704e00000, 0x0000000704f00000|  0%| F|  |TAMS 0x0000000704e00000, 0x0000000704e00000| Untracked 
|  33|0x0000000704f00000, 0x0000000704f00000, 0x0000000705000000|  0%| F|  |TAMS 0x0000000704f00000, 0x0000000704f00000| Untracked 
|  34|0x0000000705000000, 0x0000000705000000, 0x0000000705100000|  0%| F|  |TAMS 0x0000000705000000, 0x0000000705000000| Untracked 
|  35|0x0000000705100000, 0x0000000705100000, 0x0000000705200000|  0%| F|  |TAMS 0x0000000705100000, 0x0000000705100000| Untracked 
|  36|0x0000000705200000, 0x0000000705200000, 0x0000000705300000|  0%| F|  |TAMS 0x0000000705200000, 0x0000000705200000| Untracked 
|  37|0x0000000705300000, 0x0000000705300000, 0x0000000705400000|  0%| F|  |TAMS 0x0000000705300000, 0x0000000705300000| Untracked 
|  38|0x0000000705400000, 0x0000000705400000, 0x0000000705500000|  0%| F|  |TAMS 0x0000000705400000, 0x0000000705400000| Untracked 
|  39|0x0000000705500000, 0x0000000705500000, 0x0000000705600000|  0%| F|  |TAMS 0x0000000705500000, 0x0000000705500000| Untracked 
|  40|0x0000000705600000, 0x0000000705600000, 0x0000000705700000|  0%| F|  |TAMS 0x0000000705600000, 0x0000000705600000| Untracked 
|  41|0x0000000705700000, 0x0000000705700000, 0x0000000705800000|  0%| F|  |TAMS 0x0000000705700000, 0x0000000705700000| Untracked 
|  42|0x0000000705800000, 0x0000000705800000, 0x0000000705900000|  0%| F|  |TAMS 0x0000000705800000, 0x0000000705800000| Untracked 
|  43|0x0000000705900000, 0x0000000705900000, 0x0000000705a00000|  0%| F|  |TAMS 0x0000000705900000, 0x0000000705900000| Untracked 
|  44|0x0000000705a00000, 0x0000000705a00000, 0x0000000705b00000|  0%| F|  |TAMS 0x0000000705a00000, 0x0000000705a00000| Untracked 
|  45|0x0000000705b00000, 0x0000000705b00000, 0x0000000705c00000|  0%| F|  |TAMS 0x0000000705b00000, 0x0000000705b00000| Untracked 
|  46|0x0000000705c00000, 0x0000000705c00000, 0x0000000705d00000|  0%| F|  |TAMS 0x0000000705c00000, 0x0000000705c00000| Untracked 
|  47|0x0000000705d00000, 0x0000000705d00000, 0x0000000705e00000|  0%| F|  |TAMS 0x0000000705d00000, 0x0000000705d00000| Untracked 
|  48|0x0000000705e00000, 0x0000000705e00000, 0x0000000705f00000|  0%| F|  |TAMS 0x0000000705e00000, 0x0000000705e00000| Untracked 
|  49|0x0000000705f00000, 0x0000000705f00000, 0x0000000706000000|  0%| F|  |TAMS 0x0000000705f00000, 0x0000000705f00000| Untracked 
|  50|0x0000000706000000, 0x0000000706000000, 0x0000000706100000|  0%| F|  |TAMS 0x0000000706000000, 0x0000000706000000| Untracked 
|  51|0x0000000706100000, 0x0000000706100000, 0x0000000706200000|  0%| F|  |TAMS 0x0000000706100000, 0x0000000706100000| Untracked 
|  52|0x0000000706200000, 0x0000000706200000, 0x0000000706300000|  0%| F|  |TAMS 0x0000000706200000, 0x0000000706200000| Untracked 
|  53|0x0000000706300000, 0x0000000706300000, 0x0000000706400000|  0%| F|  |TAMS 0x0000000706300000, 0x0000000706300000| Untracked 
|  54|0x0000000706400000, 0x0000000706400000, 0x0000000706500000|  0%| F|  |TAMS 0x0000000706400000, 0x0000000706400000| Untracked 
|  55|0x0000000706500000, 0x0000000706500000, 0x0000000706600000|  0%| F|  |TAMS 0x0000000706500000, 0x0000000706500000| Untracked 
|  56|0x0000000706600000, 0x0000000706600000, 0x0000000706700000|  0%| F|  |TAMS 0x0000000706600000, 0x0000000706600000| Untracked 
|  57|0x0000000706700000, 0x0000000706700000, 0x0000000706800000|  0%| F|  |TAMS 0x0000000706700000, 0x0000000706700000| Untracked 
|  58|0x0000000706800000, 0x0000000706800000, 0x0000000706900000|  0%| F|  |TAMS 0x0000000706800000, 0x0000000706800000| Untracked 
|  59|0x0000000706900000, 0x0000000706900000, 0x0000000706a00000|  0%| F|  |TAMS 0x0000000706900000, 0x0000000706900000| Untracked 
|  60|0x0000000706a00000, 0x0000000706a00000, 0x0000000706b00000|  0%| F|  |TAMS 0x0000000706a00000, 0x0000000706a00000| Untracked 
|  61|0x0000000706b00000, 0x0000000706b00000, 0x0000000706c00000|  0%| F|  |TAMS 0x0000000706b00000, 0x0000000706b00000| Untracked 
|  62|0x0000000706c00000, 0x0000000706c00000, 0x0000000706d00000|  0%| F|  |TAMS 0x0000000706c00000, 0x0000000706c00000| Untracked 
|  63|0x0000000706d00000, 0x0000000706d00000, 0x0000000706e00000|  0%| F|  |TAMS 0x0000000706d00000, 0x0000000706d00000| Untracked 
|  64|0x0000000706e00000, 0x0000000706e00000, 0x0000000706f00000|  0%| F|  |TAMS 0x0000000706e00000, 0x0000000706e00000| Untracked 
|  65|0x0000000706f00000, 0x0000000706f00000, 0x0000000707000000|  0%| F|  |TAMS 0x0000000706f00000, 0x0000000706f00000| Untracked 
|  66|0x0000000707000000, 0x0000000707000000, 0x0000000707100000|  0%| F|  |TAMS 0x0000000707000000, 0x0000000707000000| Untracked 
|  67|0x0000000707100000, 0x0000000707100000, 0x0000000707200000|  0%| F|  |TAMS 0x0000000707100000, 0x0000000707100000| Untracked 
|  68|0x0000000707200000, 0x0000000707200000, 0x0000000707300000|  0%| F|  |TAMS 0x0000000707200000, 0x0000000707200000| Untracked 
|  69|0x0000000707300000, 0x0000000707300000, 0x0000000707400000|  0%| F|  |TAMS 0x0000000707300000, 0x0000000707300000| Untracked 
|  70|0x0000000707400000, 0x0000000707400000, 0x0000000707500000|  0%| F|  |TAMS 0x0000000707400000, 0x0000000707400000| Untracked 
|  71|0x0000000707500000, 0x0000000707500000, 0x0000000707600000|  0%| F|  |TAMS 0x0000000707500000, 0x0000000707500000| Untracked 
|  72|0x0000000707600000, 0x0000000707600000, 0x0000000707700000|  0%| F|  |TAMS 0x0000000707600000, 0x0000000707600000| Untracked 
|  73|0x0000000707700000, 0x0000000707700000, 0x0000000707800000|  0%| F|  |TAMS 0x0000000707700000, 0x0000000707700000| Untracked 
|  74|0x0000000707800000, 0x0000000707800000, 0x0000000707900000|  0%| F|  |TAMS 0x0000000707800000, 0x0000000707800000| Untracked 
|  75|0x0000000707900000, 0x0000000707900000, 0x0000000707a00000|  0%| F|  |TAMS 0x0000000707900000, 0x0000000707900000| Untracked 
|  76|0x0000000707a00000, 0x0000000707a00000, 0x0000000707b00000|  0%| F|  |TAMS 0x0000000707a00000, 0x0000000707a00000| Untracked 
|  77|0x0000000707b00000, 0x0000000707b00000, 0x0000000707c00000|  0%| F|  |TAMS 0x0000000707b00000, 0x0000000707b00000| Untracked 
|  78|0x0000000707c00000, 0x0000000707c00000, 0x0000000707d00000|  0%| F|  |TAMS 0x0000000707c00000, 0x0000000707c00000| Untracked 
|  79|0x0000000707d00000, 0x0000000707d00000, 0x0000000707e00000|  0%| F|  |TAMS 0x0000000707d00000, 0x0000000707d00000| Untracked 
|  80|0x0000000707e00000, 0x0000000707e00000, 0x0000000707f00000|  0%| F|  |TAMS 0x0000000707e00000, 0x0000000707e00000| Untracked 
|  81|0x0000000707f00000, 0x0000000707f00000, 0x0000000708000000|  0%| F|  |TAMS 0x0000000707f00000, 0x0000000707f00000| Untracked 
|  82|0x0000000708000000, 0x0000000708000000, 0x0000000708100000|  0%| F|  |TAMS 0x0000000708000000, 0x0000000708000000| Untracked 
|  83|0x0000000708100000, 0x0000000708100000, 0x0000000708200000|  0%| F|  |TAMS 0x0000000708100000, 0x0000000708100000| Untracked 
|  84|0x0000000708200000, 0x0000000708200000, 0x0000000708300000|  0%| F|  |TAMS 0x0000000708200000, 0x0000000708200000| Untracked 
|  85|0x0000000708300000, 0x0000000708300000, 0x0000000708400000|  0%| F|  |TAMS 0x0000000708300000, 0x0000000708300000| Untracked 
|  86|0x0000000708400000, 0x0000000708400000, 0x0000000708500000|  0%| F|  |TAMS 0x0000000708400000, 0x0000000708400000| Untracked 
|  87|0x0000000708500000, 0x0000000708500000, 0x0000000708600000|  0%| F|  |TAMS 0x0000000708500000, 0x0000000708500000| Untracked 
|  88|0x0000000708600000, 0x0000000708600000, 0x0000000708700000|  0%| F|  |TAMS 0x0000000708600000, 0x0000000708600000| Untracked 
|  89|0x0000000708700000, 0x0000000708700000, 0x0000000708800000|  0%| F|  |TAMS 0x0000000708700000, 0x0000000708700000| Untracked 
|  90|0x0000000708800000, 0x0000000708800000, 0x0000000708900000|  0%| F|  |TAMS 0x0000000708800000, 0x0000000708800000| Untracked 
|  91|0x0000000708900000, 0x0000000708900000, 0x0000000708a00000|  0%| F|  |TAMS 0x0000000708900000, 0x0000000708900000| Untracked 
|  92|0x0000000708a00000, 0x0000000708a00000, 0x0000000708b00000|  0%| F|  |TAMS 0x0000000708a00000, 0x0000000708a00000| Untracked 
|  93|0x0000000708b00000, 0x0000000708b00000, 0x0000000708c00000|  0%| F|  |TAMS 0x0000000708b00000, 0x0000000708b00000| Untracked 
|  94|0x0000000708c00000, 0x0000000708c00000, 0x0000000708d00000|  0%| F|  |TAMS 0x0000000708c00000, 0x0000000708c00000| Untracked 
|  95|0x0000000708d00000, 0x0000000708d00000, 0x0000000708e00000|  0%| F|  |TAMS 0x0000000708d00000, 0x0000000708d00000| Untracked 
|  96|0x0000000708e00000, 0x0000000708e00000, 0x0000000708f00000|  0%| F|  |TAMS 0x0000000708e00000, 0x0000000708e00000| Untracked 
|  97|0x0000000708f00000, 0x0000000708f00000, 0x0000000709000000|  0%| F|  |TAMS 0x0000000708f00000, 0x0000000708f00000| Untracked 
|  98|0x0000000709000000, 0x0000000709000000, 0x0000000709100000|  0%| F|  |TAMS 0x0000000709000000, 0x0000000709000000| Untracked 
|  99|0x0000000709100000, 0x0000000709100000, 0x0000000709200000|  0%| F|  |TAMS 0x0000000709100000, 0x0000000709100000| Untracked 
| 100|0x0000000709200000, 0x0000000709200000, 0x0000000709300000|  0%| F|  |TAMS 0x0000000709200000, 0x0000000709200000| Untracked 
| 101|0x0000000709300000, 0x0000000709300000, 0x0000000709400000|  0%| F|  |TAMS 0x0000000709300000, 0x0000000709300000| Untracked 
| 102|0x0000000709400000, 0x0000000709400000, 0x0000000709500000|  0%| F|  |TAMS 0x0000000709400000, 0x0000000709400000| Untracked 
| 103|0x0000000709500000, 0x0000000709500000, 0x0000000709600000|  0%| F|  |TAMS 0x0000000709500000, 0x0000000709500000| Untracked 
| 104|0x0000000709600000, 0x0000000709600000, 0x0000000709700000|  0%| F|  |TAMS 0x0000000709600000, 0x0000000709600000| Untracked 
| 105|0x0000000709700000, 0x0000000709700000, 0x0000000709800000|  0%| F|  |TAMS 0x0000000709700000, 0x0000000709700000| Untracked 
| 106|0x0000000709800000, 0x0000000709800000, 0x0000000709900000|  0%| F|  |TAMS 0x0000000709800000, 0x0000000709800000| Untracked 
| 107|0x0000000709900000, 0x0000000709900000, 0x0000000709a00000|  0%| F|  |TAMS 0x0000000709900000, 0x0000000709900000| Untracked 
| 108|0x0000000709a00000, 0x0000000709a00000, 0x0000000709b00000|  0%| F|  |TAMS 0x0000000709a00000, 0x0000000709a00000| Untracked 
| 109|0x0000000709b00000, 0x0000000709b00000, 0x0000000709c00000|  0%| F|  |TAMS 0x0000000709b00000, 0x0000000709b00000| Untracked 
| 110|0x0000000709c00000, 0x0000000709c00000, 0x0000000709d00000|  0%| F|  |TAMS 0x0000000709c00000, 0x0000000709c00000| Untracked 
| 111|0x0000000709d00000, 0x0000000709d00000, 0x0000000709e00000|  0%| F|  |TAMS 0x0000000709d00000, 0x0000000709d00000| Untracked 
| 112|0x0000000709e00000, 0x0000000709e00000, 0x0000000709f00000|  0%| F|  |TAMS 0x0000000709e00000, 0x0000000709e00000| Untracked 
| 113|0x0000000709f00000, 0x0000000709f00000, 0x000000070a000000|  0%| F|  |TAMS 0x0000000709f00000, 0x0000000709f00000| Untracked 
| 114|0x000000070a000000, 0x000000070a000000, 0x000000070a100000|  0%| F|  |TAMS 0x000000070a000000, 0x000000070a000000| Untracked 
| 115|0x000000070a100000, 0x000000070a100000, 0x000000070a200000|  0%| F|  |TAMS 0x000000070a100000, 0x000000070a100000| Untracked 
| 116|0x000000070a200000, 0x000000070a200000, 0x000000070a300000|  0%| F|  |TAMS 0x000000070a200000, 0x000000070a200000| Untracked 
| 117|0x000000070a300000, 0x000000070a300000, 0x000000070a400000|  0%| F|  |TAMS 0x000000070a300000, 0x000000070a300000| Untracked 
| 118|0x000000070a400000, 0x000000070a400000, 0x000000070a500000|  0%| F|  |TAMS 0x000000070a400000, 0x000000070a400000| Untracked 
| 119|0x000000070a500000, 0x000000070a500000, 0x000000070a600000|  0%| F|  |TAMS 0x000000070a500000, 0x000000070a500000| Untracked 
| 120|0x000000070a600000, 0x000000070a600000, 0x000000070a700000|  0%| F|  |TAMS 0x000000070a600000, 0x000000070a600000| Untracked 
| 121|0x000000070a700000, 0x000000070a700000, 0x000000070a800000|  0%| F|  |TAMS 0x000000070a700000, 0x000000070a700000| Untracked 
| 122|0x000000070a800000, 0x000000070a800000, 0x000000070a900000|  0%| F|  |TAMS 0x000000070a800000, 0x000000070a800000| Untracked 
| 123|0x000000070a900000, 0x000000070a900000, 0x000000070aa00000|  0%| F|  |TAMS 0x000000070a900000, 0x000000070a900000| Untracked 
| 124|0x000000070aa00000, 0x000000070aa00000, 0x000000070ab00000|  0%| F|  |TAMS 0x000000070aa00000, 0x000000070aa00000| Untracked 
| 125|0x000000070ab00000, 0x000000070ab00000, 0x000000070ac00000|  0%| F|  |TAMS 0x000000070ab00000, 0x000000070ab00000| Untracked 
| 126|0x000000070ac00000, 0x000000070ac00000, 0x000000070ad00000|  0%| F|  |TAMS 0x000000070ac00000, 0x000000070ac00000| Untracked 
| 127|0x000000070ad00000, 0x000000070ad00000, 0x000000070ae00000|  0%| F|  |TAMS 0x000000070ad00000, 0x000000070ad00000| Untracked 
| 128|0x000000070ae00000, 0x000000070ae00000, 0x000000070af00000|  0%| F|  |TAMS 0x000000070ae00000, 0x000000070ae00000| Untracked 
| 129|0x000000070af00000, 0x000000070af00000, 0x000000070b000000|  0%| F|  |TAMS 0x000000070af00000, 0x000000070af00000| Untracked 
| 130|0x000000070b000000, 0x000000070b000000, 0x000000070b100000|  0%| F|  |TAMS 0x000000070b000000, 0x000000070b000000| Untracked 
| 131|0x000000070b100000, 0x000000070b100000, 0x000000070b200000|  0%| F|  |TAMS 0x000000070b100000, 0x000000070b100000| Untracked 
| 132|0x000000070b200000, 0x000000070b200000, 0x000000070b300000|  0%| F|  |TAMS 0x000000070b200000, 0x000000070b200000| Untracked 
| 133|0x000000070b300000, 0x000000070b300000, 0x000000070b400000|  0%| F|  |TAMS 0x000000070b300000, 0x000000070b300000| Untracked 
| 134|0x000000070b400000, 0x000000070b400000, 0x000000070b500000|  0%| F|  |TAMS 0x000000070b400000, 0x000000070b400000| Untracked 
| 135|0x000000070b500000, 0x000000070b500000, 0x000000070b600000|  0%| F|  |TAMS 0x000000070b500000, 0x000000070b500000| Untracked 
| 136|0x000000070b600000, 0x000000070b600000, 0x000000070b700000|  0%| F|  |TAMS 0x000000070b600000, 0x000000070b600000| Untracked 
| 137|0x000000070b700000, 0x000000070b700000, 0x000000070b800000|  0%| F|  |TAMS 0x000000070b700000, 0x000000070b700000| Untracked 
| 138|0x000000070b800000, 0x000000070b800000, 0x000000070b900000|  0%| F|  |TAMS 0x000000070b800000, 0x000000070b800000| Untracked 
| 139|0x000000070b900000, 0x000000070b900000, 0x000000070ba00000|  0%| F|  |TAMS 0x000000070b900000, 0x000000070b900000| Untracked 
| 140|0x000000070ba00000, 0x000000070ba00000, 0x000000070bb00000|  0%| F|  |TAMS 0x000000070ba00000, 0x000000070ba00000| Untracked 
| 141|0x000000070bb00000, 0x000000070bb00000, 0x000000070bc00000|  0%| F|  |TAMS 0x000000070bb00000, 0x000000070bb00000| Untracked 
| 142|0x000000070bc00000, 0x000000070bc00000, 0x000000070bd00000|  0%| F|  |TAMS 0x000000070bc00000, 0x000000070bc00000| Untracked 
| 143|0x000000070bd00000, 0x000000070bd00000, 0x000000070be00000|  0%| F|  |TAMS 0x000000070bd00000, 0x000000070bd00000| Untracked 
| 144|0x000000070be00000, 0x000000070be00000, 0x000000070bf00000|  0%| F|  |TAMS 0x000000070be00000, 0x000000070be00000| Untracked 
| 145|0x000000070bf00000, 0x000000070bf00000, 0x000000070c000000|  0%| F|  |TAMS 0x000000070bf00000, 0x000000070bf00000| Untracked 
| 146|0x000000070c000000, 0x000000070c000000, 0x000000070c100000|  0%| F|  |TAMS 0x000000070c000000, 0x000000070c000000| Untracked 
| 147|0x000000070c100000, 0x000000070c100000, 0x000000070c200000|  0%| F|  |TAMS 0x000000070c100000, 0x000000070c100000| Untracked 
| 148|0x000000070c200000, 0x000000070c200000, 0x000000070c300000|  0%| F|  |TAMS 0x000000070c200000, 0x000000070c200000| Untracked 
| 149|0x000000070c300000, 0x000000070c300000, 0x000000070c400000|  0%| F|  |TAMS 0x000000070c300000, 0x000000070c300000| Untracked 
| 150|0x000000070c400000, 0x000000070c400000, 0x000000070c500000|  0%| F|  |TAMS 0x000000070c400000, 0x000000070c400000| Untracked 
| 151|0x000000070c500000, 0x000000070c500000, 0x000000070c600000|  0%| F|  |TAMS 0x000000070c500000, 0x000000070c500000| Untracked 
| 152|0x000000070c600000, 0x000000070c600000, 0x000000070c700000|  0%| F|  |TAMS 0x000000070c600000, 0x000000070c600000| Untracked 
| 153|0x000000070c700000, 0x000000070c700000, 0x000000070c800000|  0%| F|  |TAMS 0x000000070c700000, 0x000000070c700000| Untracked 
| 154|0x000000070c800000, 0x000000070c800000, 0x000000070c900000|  0%| F|  |TAMS 0x000000070c800000, 0x000000070c800000| Untracked 
| 155|0x000000070c900000, 0x000000070c900000, 0x000000070ca00000|  0%| F|  |TAMS 0x000000070c900000, 0x000000070c900000| Untracked 
| 156|0x000000070ca00000, 0x000000070ca00000, 0x000000070cb00000|  0%| F|  |TAMS 0x000000070ca00000, 0x000000070ca00000| Untracked 
| 157|0x000000070cb00000, 0x000000070cb00000, 0x000000070cc00000|  0%| F|  |TAMS 0x000000070cb00000, 0x000000070cb00000| Untracked 
| 158|0x000000070cc00000, 0x000000070cc00000, 0x000000070cd00000|  0%| F|  |TAMS 0x000000070cc00000, 0x000000070cc00000| Untracked 
| 159|0x000000070cd00000, 0x000000070cd00000, 0x000000070ce00000|  0%| F|  |TAMS 0x000000070cd00000, 0x000000070cd00000| Untracked 
| 160|0x000000070ce00000, 0x000000070ce00000, 0x000000070cf00000|  0%| F|  |TAMS 0x000000070ce00000, 0x000000070ce00000| Untracked 
| 161|0x000000070cf00000, 0x000000070cf00000, 0x000000070d000000|  0%| F|  |TAMS 0x000000070cf00000, 0x000000070cf00000| Untracked 
| 162|0x000000070d000000, 0x000000070d000000, 0x000000070d100000|  0%| F|  |TAMS 0x000000070d000000, 0x000000070d000000| Untracked 
| 163|0x000000070d100000, 0x000000070d100000, 0x000000070d200000|  0%| F|  |TAMS 0x000000070d100000, 0x000000070d100000| Untracked 
| 164|0x000000070d200000, 0x000000070d200000, 0x000000070d300000|  0%| F|  |TAMS 0x000000070d200000, 0x000000070d200000| Untracked 
| 165|0x000000070d300000, 0x000000070d300000, 0x000000070d400000|  0%| F|  |TAMS 0x000000070d300000, 0x000000070d300000| Untracked 
| 166|0x000000070d400000, 0x000000070d400000, 0x000000070d500000|  0%| F|  |TAMS 0x000000070d400000, 0x000000070d400000| Untracked 
| 167|0x000000070d500000, 0x000000070d500000, 0x000000070d600000|  0%| F|  |TAMS 0x000000070d500000, 0x000000070d500000| Untracked 
| 168|0x000000070d600000, 0x000000070d600000, 0x000000070d700000|  0%| F|  |TAMS 0x000000070d600000, 0x000000070d600000| Untracked 
| 169|0x000000070d700000, 0x000000070d700000, 0x000000070d800000|  0%| F|  |TAMS 0x000000070d700000, 0x000000070d700000| Untracked 
| 170|0x000000070d800000, 0x000000070d800000, 0x000000070d900000|  0%| F|  |TAMS 0x000000070d800000, 0x000000070d800000| Untracked 
| 171|0x000000070d900000, 0x000000070d900000, 0x000000070da00000|  0%| F|  |TAMS 0x000000070d900000, 0x000000070d900000| Untracked 
| 172|0x000000070da00000, 0x000000070da00000, 0x000000070db00000|  0%| F|  |TAMS 0x000000070da00000, 0x000000070da00000| Untracked 
| 173|0x000000070db00000, 0x000000070db00000, 0x000000070dc00000|  0%| F|  |TAMS 0x000000070db00000, 0x000000070db00000| Untracked 
| 174|0x000000070dc00000, 0x000000070dc00000, 0x000000070dd00000|  0%| F|  |TAMS 0x000000070dc00000, 0x000000070dc00000| Untracked 
| 175|0x000000070dd00000, 0x000000070dd00000, 0x000000070de00000|  0%| F|  |TAMS 0x000000070dd00000, 0x000000070dd00000| Untracked 
| 176|0x000000070de00000, 0x000000070de00000, 0x000000070df00000|  0%| F|  |TAMS 0x000000070de00000, 0x000000070de00000| Untracked 
| 177|0x000000070df00000, 0x000000070df00000, 0x000000070e000000|  0%| F|  |TAMS 0x000000070df00000, 0x000000070df00000| Untracked 
| 178|0x000000070e000000, 0x000000070e000000, 0x000000070e100000|  0%| F|  |TAMS 0x000000070e000000, 0x000000070e000000| Untracked 
| 179|0x000000070e100000, 0x000000070e100000, 0x000000070e200000|  0%| F|  |TAMS 0x000000070e100000, 0x000000070e100000| Untracked 
| 180|0x000000070e200000, 0x000000070e200000, 0x000000070e300000|  0%| F|  |TAMS 0x000000070e200000, 0x000000070e200000| Untracked 
| 181|0x000000070e300000, 0x000000070e300000, 0x000000070e400000|  0%| F|  |TAMS 0x000000070e300000, 0x000000070e300000| Untracked 
| 182|0x000000070e400000, 0x000000070e400000, 0x000000070e500000|  0%| F|  |TAMS 0x000000070e400000, 0x000000070e400000| Untracked 
| 183|0x000000070e500000, 0x000000070e500000, 0x000000070e600000|  0%| F|  |TAMS 0x000000070e500000, 0x000000070e500000| Untracked 
| 184|0x000000070e600000, 0x000000070e600000, 0x000000070e700000|  0%| F|  |TAMS 0x000000070e600000, 0x000000070e600000| Untracked 
| 185|0x000000070e700000, 0x000000070e700000, 0x000000070e800000|  0%| F|  |TAMS 0x000000070e700000, 0x000000070e700000| Untracked 
| 186|0x000000070e800000, 0x000000070e800000, 0x000000070e900000|  0%| F|  |TAMS 0x000000070e800000, 0x000000070e800000| Untracked 
| 187|0x000000070e900000, 0x000000070e900000, 0x000000070ea00000|  0%| F|  |TAMS 0x000000070e900000, 0x000000070e900000| Untracked 
| 188|0x000000070ea00000, 0x000000070ea00000, 0x000000070eb00000|  0%| F|  |TAMS 0x000000070ea00000, 0x000000070ea00000| Untracked 
| 189|0x000000070eb00000, 0x000000070eb00000, 0x000000070ec00000|  0%| F|  |TAMS 0x000000070eb00000, 0x000000070eb00000| Untracked 
| 190|0x000000070ec00000, 0x000000070ec00000, 0x000000070ed00000|  0%| F|  |TAMS 0x000000070ec00000, 0x000000070ec00000| Untracked 
| 191|0x000000070ed00000, 0x000000070ed00000, 0x000000070ee00000|  0%| F|  |TAMS 0x000000070ed00000, 0x000000070ed00000| Untracked 
| 192|0x000000070ee00000, 0x000000070ee00000, 0x000000070ef00000|  0%| F|  |TAMS 0x000000070ee00000, 0x000000070ee00000| Untracked 
| 193|0x000000070ef00000, 0x000000070ef00000, 0x000000070f000000|  0%| F|  |TAMS 0x000000070ef00000, 0x000000070ef00000| Untracked 
| 194|0x000000070f000000, 0x000000070f000000, 0x000000070f100000|  0%| F|  |TAMS 0x000000070f000000, 0x000000070f000000| Untracked 
| 195|0x000000070f100000, 0x000000070f100000, 0x000000070f200000|  0%| F|  |TAMS 0x000000070f100000, 0x000000070f100000| Untracked 
| 196|0x000000070f200000, 0x000000070f200000, 0x000000070f300000|  0%| F|  |TAMS 0x000000070f200000, 0x000000070f200000| Untracked 
| 197|0x000000070f300000, 0x000000070f300000, 0x000000070f400000|  0%| F|  |TAMS 0x000000070f300000, 0x000000070f300000| Untracked 
| 198|0x000000070f400000, 0x000000070f400000, 0x000000070f500000|  0%| F|  |TAMS 0x000000070f400000, 0x000000070f400000| Untracked 
| 199|0x000000070f500000, 0x000000070f500000, 0x000000070f600000|  0%| F|  |TAMS 0x000000070f500000, 0x000000070f500000| Untracked 
| 200|0x000000070f600000, 0x000000070f600000, 0x000000070f700000|  0%| F|  |TAMS 0x000000070f600000, 0x000000070f600000| Untracked 
| 201|0x000000070f700000, 0x000000070f700000, 0x000000070f800000|  0%| F|  |TAMS 0x000000070f700000, 0x000000070f700000| Untracked 
| 202|0x000000070f800000, 0x000000070f800000, 0x000000070f900000|  0%| F|  |TAMS 0x000000070f800000, 0x000000070f800000| Untracked 
| 203|0x000000070f900000, 0x000000070f900000, 0x000000070fa00000|  0%| F|  |TAMS 0x000000070f900000, 0x000000070f900000| Untracked 
| 204|0x000000070fa00000, 0x000000070fa00000, 0x000000070fb00000|  0%| F|  |TAMS 0x000000070fa00000, 0x000000070fa00000| Untracked 
| 205|0x000000070fb00000, 0x000000070fb00000, 0x000000070fc00000|  0%| F|  |TAMS 0x000000070fb00000, 0x000000070fb00000| Untracked 
| 206|0x000000070fc00000, 0x000000070fc00000, 0x000000070fd00000|  0%| F|  |TAMS 0x000000070fc00000, 0x000000070fc00000| Untracked 
| 207|0x000000070fd00000, 0x000000070fd00000, 0x000000070fe00000|  0%| F|  |TAMS 0x000000070fd00000, 0x000000070fd00000| Untracked 
| 208|0x000000070fe00000, 0x000000070fe00000, 0x000000070ff00000|  0%| F|  |TAMS 0x000000070fe00000, 0x000000070fe00000| Untracked 
| 209|0x000000070ff00000, 0x000000070ff00000, 0x0000000710000000|  0%| F|  |TAMS 0x000000070ff00000, 0x000000070ff00000| Untracked 
| 210|0x0000000710000000, 0x0000000710000000, 0x0000000710100000|  0%| F|  |TAMS 0x0000000710000000, 0x0000000710000000| Untracked 
| 211|0x0000000710100000, 0x0000000710100000, 0x0000000710200000|  0%| F|  |TAMS 0x0000000710100000, 0x0000000710100000| Untracked 
| 212|0x0000000710200000, 0x0000000710200000, 0x0000000710300000|  0%| F|  |TAMS 0x0000000710200000, 0x0000000710200000| Untracked 
| 213|0x0000000710300000, 0x0000000710300000, 0x0000000710400000|  0%| F|  |TAMS 0x0000000710300000, 0x0000000710300000| Untracked 
| 214|0x0000000710400000, 0x0000000710400000, 0x0000000710500000|  0%| F|  |TAMS 0x0000000710400000, 0x0000000710400000| Untracked 
| 215|0x0000000710500000, 0x0000000710500000, 0x0000000710600000|  0%| F|  |TAMS 0x0000000710500000, 0x0000000710500000| Untracked 
| 216|0x0000000710600000, 0x0000000710600000, 0x0000000710700000|  0%| F|  |TAMS 0x0000000710600000, 0x0000000710600000| Untracked 
| 217|0x0000000710700000, 0x0000000710700000, 0x0000000710800000|  0%| F|  |TAMS 0x0000000710700000, 0x0000000710700000| Untracked 
| 218|0x0000000710800000, 0x0000000710800000, 0x0000000710900000|  0%| F|  |TAMS 0x0000000710800000, 0x0000000710800000| Untracked 
| 219|0x0000000710900000, 0x0000000710900000, 0x0000000710a00000|  0%| F|  |TAMS 0x0000000710900000, 0x0000000710900000| Untracked 
| 220|0x0000000710a00000, 0x0000000710a00000, 0x0000000710b00000|  0%| F|  |TAMS 0x0000000710a00000, 0x0000000710a00000| Untracked 
| 221|0x0000000710b00000, 0x0000000710b00000, 0x0000000710c00000|  0%| F|  |TAMS 0x0000000710b00000, 0x0000000710b00000| Untracked 
| 222|0x0000000710c00000, 0x0000000710c00000, 0x0000000710d00000|  0%| F|  |TAMS 0x0000000710c00000, 0x0000000710c00000| Untracked 
| 223|0x0000000710d00000, 0x0000000710d00000, 0x0000000710e00000|  0%| F|  |TAMS 0x0000000710d00000, 0x0000000710d00000| Untracked 
| 224|0x0000000710e00000, 0x0000000710e00000, 0x0000000710f00000|  0%| F|  |TAMS 0x0000000710e00000, 0x0000000710e00000| Untracked 
| 225|0x0000000710f00000, 0x0000000710f00000, 0x0000000711000000|  0%| F|  |TAMS 0x0000000710f00000, 0x0000000710f00000| Untracked 
| 226|0x0000000711000000, 0x0000000711000000, 0x0000000711100000|  0%| F|  |TAMS 0x0000000711000000, 0x0000000711000000| Untracked 
| 227|0x0000000711100000, 0x0000000711100000, 0x0000000711200000|  0%| F|  |TAMS 0x0000000711100000, 0x0000000711100000| Untracked 
| 228|0x0000000711200000, 0x0000000711200000, 0x0000000711300000|  0%| F|  |TAMS 0x0000000711200000, 0x0000000711200000| Untracked 
| 229|0x0000000711300000, 0x0000000711300000, 0x0000000711400000|  0%| F|  |TAMS 0x0000000711300000, 0x0000000711300000| Untracked 
| 230|0x0000000711400000, 0x0000000711400000, 0x0000000711500000|  0%| F|  |TAMS 0x0000000711400000, 0x0000000711400000| Untracked 
| 231|0x0000000711500000, 0x0000000711500000, 0x0000000711600000|  0%| F|  |TAMS 0x0000000711500000, 0x0000000711500000| Untracked 
| 232|0x0000000711600000, 0x0000000711600000, 0x0000000711700000|  0%| F|  |TAMS 0x0000000711600000, 0x0000000711600000| Untracked 
| 233|0x0000000711700000, 0x0000000711700000, 0x0000000711800000|  0%| F|  |TAMS 0x0000000711700000, 0x0000000711700000| Untracked 
| 234|0x0000000711800000, 0x0000000711800000, 0x0000000711900000|  0%| F|  |TAMS 0x0000000711800000, 0x0000000711800000| Untracked 
| 235|0x0000000711900000, 0x0000000711900000, 0x0000000711a00000|  0%| F|  |TAMS 0x0000000711900000, 0x0000000711900000| Untracked 
| 236|0x0000000711a00000, 0x0000000711a00000, 0x0000000711b00000|  0%| F|  |TAMS 0x0000000711a00000, 0x0000000711a00000| Untracked 
| 237|0x0000000711b00000, 0x0000000711b00000, 0x0000000711c00000|  0%| F|  |TAMS 0x0000000711b00000, 0x0000000711b00000| Untracked 
| 238|0x0000000711c00000, 0x0000000711c00000, 0x0000000711d00000|  0%| F|  |TAMS 0x0000000711c00000, 0x0000000711c00000| Untracked 
| 239|0x0000000711d00000, 0x0000000711d00000, 0x0000000711e00000|  0%| F|  |TAMS 0x0000000711d00000, 0x0000000711d00000| Untracked 
| 240|0x0000000711e00000, 0x0000000711e00000, 0x0000000711f00000|  0%| F|  |TAMS 0x0000000711e00000, 0x0000000711e00000| Untracked 
| 241|0x0000000711f00000, 0x0000000711f00000, 0x0000000712000000|  0%| F|  |TAMS 0x0000000711f00000, 0x0000000711f00000| Untracked 
| 242|0x0000000712000000, 0x0000000712000000, 0x0000000712100000|  0%| F|  |TAMS 0x0000000712000000, 0x0000000712000000| Untracked 
| 243|0x0000000712100000, 0x0000000712100000, 0x0000000712200000|  0%| F|  |TAMS 0x0000000712100000, 0x0000000712100000| Untracked 
| 244|0x0000000712200000, 0x0000000712200000, 0x0000000712300000|  0%| F|  |TAMS 0x0000000712200000, 0x0000000712200000| Untracked 
| 245|0x0000000712300000, 0x0000000712300000, 0x0000000712400000|  0%| F|  |TAMS 0x0000000712300000, 0x0000000712300000| Untracked 
| 246|0x0000000712400000, 0x0000000712400000, 0x0000000712500000|  0%| F|  |TAMS 0x0000000712400000, 0x0000000712400000| Untracked 
| 247|0x0000000712500000, 0x0000000712500000, 0x0000000712600000|  0%| F|  |TAMS 0x0000000712500000, 0x0000000712500000| Untracked 
| 248|0x0000000712600000, 0x0000000712600000, 0x0000000712700000|  0%| F|  |TAMS 0x0000000712600000, 0x0000000712600000| Untracked 
| 249|0x0000000712700000, 0x0000000712700000, 0x0000000712800000|  0%| F|  |TAMS 0x0000000712700000, 0x0000000712700000| Untracked 
| 250|0x0000000712800000, 0x0000000712800000, 0x0000000712900000|  0%| F|  |TAMS 0x0000000712800000, 0x0000000712800000| Untracked 
| 251|0x0000000712900000, 0x0000000712900000, 0x0000000712a00000|  0%| F|  |TAMS 0x0000000712900000, 0x0000000712900000| Untracked 
| 252|0x0000000712a00000, 0x0000000712b00000, 0x0000000712b00000|100%| E|  |TAMS 0x0000000712a00000, 0x0000000712a00000| Complete 
| 253|0x0000000712b00000, 0x0000000712c00000, 0x0000000712c00000|100%| E|CS|TAMS 0x0000000712b00000, 0x0000000712b00000| Complete 

Card table byte_map: [0x0000000017150000,0x0000000017940000] _byte_map_base: 0x0000000013939000

Marking Bits (Prev, Next): (CMBitMap*) 0x00000000036c2978, (CMBitMap*) 0x00000000036c29b0
 Prev Bits: [0x0000000018130000, 0x000000001c078000)
 Next Bits: [0x000000001c080000, 0x000000001ffc8000)

Polling page: 0x0000000001510000

Metaspace:

Usage:
  Non-class:      4.59 MB capacity,     4.54 MB ( 99%) used,    56.95 KB (  1%) free+waste,     1.13 KB ( <1%) overhead. 
      Class:    496.00 KB capacity,   452.44 KB ( 91%) used,    42.81 KB (  9%) free+waste,   768 bytes ( <1%) overhead. 
       Both:      5.08 MB capacity,     4.98 MB ( 98%) used,    99.76 KB (  2%) free+waste,     1.88 KB ( <1%) overhead. 

Virtual space:
  Non-class space:        8.00 MB reserved,       4.75 MB ( 59%) committed 
      Class space:        1.00 GB reserved,     512.00 KB ( <1%) committed 
             Both:        1.01 GB reserved,       5.25 MB ( <1%) committed 

Chunk freelists:
   Non-Class:  32.00 KB
       Class:  16.00 KB
        Both:  48.00 KB

MaxMetaspaceSize: 17179869184.00 GB
CompressedClassSpaceSize: 1.00 GB

CodeHeap 'non-profiled nmethods': size=120000Kb used=30Kb max_used=30Kb free=119969Kb
 bounds [0x000000000eff0000, 0x000000000f260000, 0x0000000016520000]
CodeHeap 'profiled nmethods': size=120000Kb used=189Kb max_used=189Kb free=119810Kb
 bounds [0x0000000007ac0000, 0x0000000007d30000, 0x000000000eff0000]
CodeHeap 'non-nmethods': size=5760Kb used=1045Kb max_used=1045Kb free=4715Kb
 bounds [0x0000000007520000, 0x0000000007790000, 0x0000000007ac0000]
 total_blobs=781 nmethods=135 adapters=229
 compilation: enabled
              stopped_count=0, restarted_count=0
 full_count=0

Compilation events (20 events):
Event: 0.108 Thread 0x000000002383d000 nmethod 130 0x0000000007aebc10 code [0x0000000007aebf40, 0x0000000007aed1e0]
Event: 0.108 Thread 0x000000002383d000  124       3       java.lang.Character::toUpperCase (9 bytes)
Event: 0.108 Thread 0x0000000023838000 nmethod 120 0x000000000eff6590 code [0x000000000eff6720, 0x000000000eff6918]
Event: 0.108 Thread 0x0000000023838000  126       4       java.lang.String::charAt (25 bytes)
Event: 0.108 Thread 0x000000002383d000 nmethod 124 0x0000000007aeda90 code [0x0000000007aedc60, 0x0000000007aedea0]
Event: 0.108 Thread 0x000000002383d000  127       3       java.util.TreeMap::parentOf (13 bytes)
Event: 0.108 Thread 0x000000002383d000 nmethod 127 0x0000000007aedf90 code [0x0000000007aee140, 0x0000000007aee2f8]
Event: 0.108 Thread 0x000000002383d000  129       3       java.lang.ProcessEnvironment$NameComparator::compare (13 bytes)
Event: 0.108 Thread 0x000000002383d000 nmethod 129 0x0000000007aee390 code [0x0000000007aee560, 0x0000000007aee8f0]
Event: 0.108 Thread 0x000000002383d000  132       3       java.lang.StringLatin1::lastIndexOf (40 bytes)
Event: 0.108 Thread 0x000000002383d000 nmethod 132 0x0000000007aeea10 code [0x0000000007aeebe0, 0x0000000007aeeff8]
Event: 0.108 Thread 0x0000000023838000 nmethod 126 0x000000000eff6a90 code [0x000000000eff6c40, 0x000000000eff6d08]
Event: 0.108 Thread 0x0000000023838000  131       4       java.lang.String::coder (15 bytes)
Event: 0.109 Thread 0x0000000023838000 nmethod 131 0x000000000eff6e10 code [0x000000000eff6fa0, 0x000000000eff6ff8]
Event: 0.109 Thread 0x0000000023838000  128       4       java.lang.CharacterDataLatin1::getProperties (11 bytes)
Event: 0.109 Thread 0x0000000023838000 nmethod 128 0x000000000eff7090 code [0x000000000eff7220, 0x000000000eff72b8]
Event: 0.109 Thread 0x0000000023838000  133       4       java.lang.String::isLatin1 (19 bytes)
Event: 0.109 Thread 0x0000000023838000 nmethod 133 0x000000000eff7390 code [0x000000000eff7520, 0x000000000eff7598]
Event: 0.113 Thread 0x000000002383d000  134       3       java.util.AbstractSet::<init> (5 bytes)
Event: 0.113 Thread 0x000000002383d000 nmethod 134 0x0000000007aef190 code [0x0000000007aef340, 0x0000000007aef558]

GC Heap History (0 events):
No events

Deoptimization events (4 events):
Event: 0.075 Thread 0x000000000365a800 Uncommon trap: trap_request=0xffffff4d fr.pc=0x000000000eff548c relative=0x00000000000001ec
Event: 0.075 Thread 0x000000000365a800 Uncommon trap: reason=unstable_if action=reinterpret pc=0x000000000eff548c method=java.lang.String.hashCode()I @ 14 c2
Event: 0.075 Thread 0x000000000365a800 DEOPT PACKING pc=0x000000000eff548c sp=0x0000000002e2d520
Event: 0.075 Thread 0x000000000365a800 DEOPT UNPACKING pc=0x00000000075491af sp=0x0000000002e2d4b8 mode 2

Classes redefined (0 events):
No events

Internal exceptions (0 events):
No events

Events (20 events):
Event: 0.113 loading class java/lang/Class$3 done
Event: 0.113 loading class sun/reflect/annotation/AnnotationParser
Event: 0.113 loading class sun/reflect/annotation/AnnotationParser done
Event: 0.113 loading class jdk/internal/reflect/NativeMethodAccessorImpl
Event: 0.113 loading class jdk/internal/reflect/NativeMethodAccessorImpl done
Event: 0.113 loading class jdk/internal/reflect/DelegatingMethodAccessorImpl
Event: 0.113 loading class jdk/internal/reflect/DelegatingMethodAccessorImpl done
Event: 0.113 loading class java/util/Spliterators$1Adapter
Event: 0.113 loading class java/util/function/Consumer
Event: 0.113 loading class java/util/function/Consumer done
Event: 0.113 loading class java/util/Spliterators$1Adapter done
Event: 0.113 loading class java/lang/invoke/LambdaMetafactory
Event: 0.113 loading class java/lang/invoke/LambdaMetafactory done
Event: 0.114 loading class java/lang/invoke/LambdaForm$NamedFunction
Event: 0.114 loading class java/lang/invoke/LambdaForm$NamedFunction done
Event: 0.114 loading class java/lang/invoke/DirectMethodHandle$Holder
Event: 0.114 loading class java/lang/invoke/DirectMethodHandle$Holder done
Event: 0.114 loading class sun/invoke/util/ValueConversions
Event: 0.114 loading class sun/invoke/util/ValueConversions done
Event: 0.114 loading class java/lang/invoke/MethodHandleImpl


Dynamic libraries:
0x00007ff7b3890000 - 0x00007ff7b389a000 	C:\Users\rlytvyshko\AppData\Local\JetBrains\Toolbox\apps\IDEA-U\ch-0\193.5662.53\jbr\bin\java.exe
0x00007ff90ea20000 - 0x00007ff90ec10000 	C:\Windows\SYSTEM32\ntdll.dll
0x00007ff90cea0000 - 0x00007ff90cf52000 	C:\Windows\System32\KERNEL32.DLL
0x00007ff90c570000 - 0x00007ff90c813000 	C:\Windows\System32\KERNELBASE.dll
0x00007ff90c470000 - 0x00007ff90c56a000 	C:\Windows\System32\ucrtbase.dll
0x00007ff8f3f90000 - 0x00007ff8f3fa9000 	C:\Users\rlytvyshko\AppData\Local\JetBrains\Toolbox\apps\IDEA-U\ch-0\193.5662.53\jbr\bin\jli.dll
0x00007ff8df040000 - 0x00007ff8df057000 	C:\Users\rlytvyshko\AppData\Local\JetBrains\Toolbox\apps\IDEA-U\ch-0\193.5662.53\jbr\bin\VCRUNTIME140.dll
0x00007ff90cff0000 - 0x00007ff90d184000 	C:\Windows\System32\USER32.dll
0x00007ff8f6710000 - 0x00007ff8f6995000 	C:\Windows\WinSxS\amd64_microsoft.windows.common-controls_6595b64144ccf1df_6.0.18362.535_none_e6c3b34713100821\COMCTL32.dll
0x00007ff90cad0000 - 0x00007ff90cb6e000 	C:\Windows\System32\msvcrt.dll
0x00007ff90c8d0000 - 0x00007ff90c8f1000 	C:\Windows\System32\win32u.dll
0x00007ff90e670000 - 0x00007ff90e9a6000 	C:\Windows\System32\combase.dll
0x00007ff90cca0000 - 0x00007ff90ccc6000 	C:\Windows\System32\GDI32.dll
0x00007ff90e420000 - 0x00007ff90e540000 	C:\Windows\System32\RPCRT4.dll
0x00007ff90c930000 - 0x00007ff90cac4000 	C:\Windows\System32\gdi32full.dll
0x00007ff90c3d0000 - 0x00007ff90c46e000 	C:\Windows\System32\msvcp_win.dll
0x00007ff90bb20000 - 0x00007ff90bba0000 	C:\Windows\System32\bcryptPrimitives.dll
0x00007ff90e9b0000 - 0x00007ff90e9de000 	C:\Windows\System32\IMM32.DLL
0x00007ff8bf7b0000 - 0x00007ff8bf84d000 	C:\Users\rlytvyshko\AppData\Local\JetBrains\Toolbox\apps\IDEA-U\ch-0\193.5662.53\jbr\bin\msvcp140.dll
0x00007ff875750000 - 0x00007ff87620b000 	C:\Users\rlytvyshko\AppData\Local\JetBrains\Toolbox\apps\IDEA-U\ch-0\193.5662.53\jbr\bin\server\jvm.dll
0x00007ff90cbe0000 - 0x00007ff90cc83000 	C:\Windows\System32\ADVAPI32.dll
0x00007ff90d190000 - 0x00007ff90d227000 	C:\Windows\System32\sechost.dll
0x00007ff90e660000 - 0x00007ff90e668000 	C:\Windows\System32\PSAPI.DLL
0x00007ff8fbdb0000 - 0x00007ff8fbdb9000 	C:\Windows\SYSTEM32\WSOCK32.dll
0x00007ff8fbd80000 - 0x00007ff8fbda4000 	C:\Windows\SYSTEM32\WINMM.dll
0x00007ff902400000 - 0x00007ff90240a000 	C:\Windows\SYSTEM32\VERSION.dll
0x00007ff90cb70000 - 0x00007ff90cbdf000 	C:\Windows\System32\WS2_32.dll
0x00007ff8fbab0000 - 0x00007ff8fbadd000 	C:\Windows\SYSTEM32\WINMMBASE.dll
0x00007ff90c880000 - 0x00007ff90c8ca000 	C:\Windows\System32\cfgmgr32.dll
0x00007ff90b920000 - 0x00007ff90b931000 	C:\Windows\System32\kernel.appcore.dll
0x00007ff8f3be0000 - 0x00007ff8f3bf1000 	C:\Users\rlytvyshko\AppData\Local\JetBrains\Toolbox\apps\IDEA-U\ch-0\193.5662.53\jbr\bin\verify.dll
0x00007ff90a1f0000 - 0x00007ff90a3e4000 	C:\Windows\SYSTEM32\DBGHELP.DLL
0x00007ff901d70000 - 0x00007ff901d9a000 	C:\Windows\SYSTEM32\dbgcore.DLL
0x00007ff8dbf00000 - 0x00007ff8dbf29000 	C:\Users\rlytvyshko\AppData\Local\JetBrains\Toolbox\apps\IDEA-U\ch-0\193.5662.53\jbr\bin\java.dll
0x00007ff8dbee0000 - 0x00007ff8dbef7000 	C:\Users\rlytvyshko\AppData\Local\JetBrains\Toolbox\apps\IDEA-U\ch-0\193.5662.53\jbr\bin\zip.dll
0x00007ff901720000 - 0x00007ff90172b000 	C:\Users\rlytvyshko\AppData\Local\JetBrains\Toolbox\apps\IDEA-U\ch-0\193.5662.53\jbr\bin\jimage.dll
0x00007ff90dba0000 - 0x00007ff90e285000 	C:\Windows\System32\SHELL32.dll
0x00007ff90e5b0000 - 0x00007ff90e659000 	C:\Windows\System32\shcore.dll
0x00007ff90bc50000 - 0x00007ff90c3cf000 	C:\Windows\System32\windows.storage.dll
0x00007ff90b940000 - 0x00007ff90b95f000 	C:\Windows\System32\profapi.dll
0x00007ff90b960000 - 0x00007ff90b9aa000 	C:\Windows\System32\powrprof.dll
0x00007ff90b8f0000 - 0x00007ff90b900000 	C:\Windows\System32\UMPDC.dll
0x00007ff90e290000 - 0x00007ff90e2e2000 	C:\Windows\System32\shlwapi.dll
0x00007ff90b9b0000 - 0x00007ff90b9c7000 	C:\Windows\System32\cryptsp.dll
0x00007ff8dbec0000 - 0x00007ff8dbeda000 	C:\Users\rlytvyshko\AppData\Local\JetBrains\Toolbox\apps\IDEA-U\ch-0\193.5662.53\jbr\bin\net.dll
0x00007ff903d70000 - 0x00007ff903e60000 	C:\Windows\SYSTEM32\WINHTTP.dll
0x00007ff90b110000 - 0x00007ff90b177000 	C:\Windows\system32\mswsock.dll
0x00007ff8dbea0000 - 0x00007ff8dbeb4000 	C:\Users\rlytvyshko\AppData\Local\JetBrains\Toolbox\apps\IDEA-U\ch-0\193.5662.53\jbr\bin\nio.dll

dbghelp: loaded successfully - version: 4.0.5 - missing functions: none
symbol engine: initialized successfully - sym options: 0x614 - pdb path: .;C:\Users\rlytvyshko\AppData\Local\JetBrains\Toolbox\apps\IDEA-U\ch-0\193.5662.53\jbr\bin;C:\Windows\SYSTEM32;C:\Windows\WinSxS\amd64_microsoft.windows.common-controls_6595b64144ccf1df_6.0.18362.535_none_e6c3b34713100821;C:\Users\rlytvyshko\AppData\Local\JetBrains\Toolbox\apps\IDEA-U\ch-0\193.5662.53\jbr\bin\server

VM Arguments:
java_command: org.jetbrains.git4idea.http.GitAskPassApp Username for 'https://gitlab.dataart.com': 
java_class_path (initial): C:/Users/rlytvyshko/AppData/Local/JetBrains/Toolbox/apps/IDEA-U/ch-0/193.5662.53/plugins/git4idea/lib/git4idea-rt.jar;C:/Users/rlytvyshko/AppData/Local/JetBrains/Toolbox/apps/IDEA-U/ch-0/193.5662.53/lib/xmlrpc-2.0.1.jar;C:/Users/rlytvyshko/AppData/Local/JetBrains/Toolbox/apps/IDEA-U/ch-0/193.5662.53/lib/commons-codec-1.13.jar;C:/Users/rlytvyshko/AppData/Local/JetBrains/Toolbox/apps/IDEA-U/ch-0/193.5662.53/lib/util.jar
Launcher Type: SUN_STANDARD

[Global flags]
     intx CICompilerCount                          = 4                                         {product} {ergonomic}
     uint ConcGCThreads                            = 2                                         {product} {ergonomic}
     uint G1ConcRefinementThreads                  = 8                                         {product} {ergonomic}
   size_t G1HeapRegionSize                         = 1048576                                   {product} {ergonomic}
    uintx GCDrainStackTargetSize                   = 64                                        {product} {ergonomic}
   size_t InitialHeapSize                          = 266338304                                 {product} {ergonomic}
   size_t MarkStackSize                            = 4194304                                   {product} {ergonomic}
   size_t MaxHeapSize                              = 4246732800                                {product} {ergonomic}
   size_t MaxNewSize                               = 2548039680                                {product} {ergonomic}
   size_t MinHeapDeltaBytes                        = 1048576                                   {product} {ergonomic}
    uintx NonNMethodCodeHeapSize                   = 5836300                                {pd product} {ergonomic}
    uintx NonProfiledCodeHeapSize                  = 122910970                              {pd product} {ergonomic}
    uintx ProfiledCodeHeapSize                     = 122910970                              {pd product} {ergonomic}
    uintx ReservedCodeCacheSize                    = 251658240                              {pd product} {ergonomic}
     bool SegmentedCodeCache                       = true                                      {product} {ergonomic}
     bool UseCompressedClassPointers               = true                                 {lp64_product} {ergonomic}
     bool UseCompressedOops                        = true                                 {lp64_product} {ergonomic}
     bool UseG1GC                                  = true                                      {product} {ergonomic}
     bool UseLargePagesIndividualAllocation        = false                                  {pd product} {ergonomic}

Logging:
Log output configuration:
 #0: stdout all=warning uptime,level,tags
 #1: stderr all=off uptime,level,tags

Environment Variables:
JAVA_HOME=C:\Users\rlytvyshko\scoop\apps\ojdkbuild8\current
PATH=C:\Program Files\Git\mingw64\libexec\git-core;C:\Program Files\Git\mingw64\libexec\git-core;C:\Program Files\Git\mingw64\bin;C:\Program Files\Git\usr\bin;C:\Users\rlytvyshko\bin;C:\ProgramData\DockerDesktop\version-bin;C:\Program Files\Docker\Docker\Resources\bin;C:\Windows\system32;C:\Windows;C:\Windows\System32\Wbem;C:\Windows\System32\WindowsPowerShell\v1.0;C:\Windows\System32\OpenSSH;C:\Program Files\Git\cmd;D:\Java\sbt\bin;C:\Users\rlytvyshko\scoop\apps\ojdkbuild8\current\bin;C:\Users\rlytvyshko\scoop\apps\maven\current\bin;C:\Users\rlytvyshko\scoop\apps\ojdkbuild12\current\bin;C:\Users\rlytvyshko\scoop\apps\ojdkbuild8-full\current\bin;C:\Users\rlytvyshko\scoop\apps\spark\current\bin;C:\Users\rlytvyshko\scoop\apps\hadoop-winutils\current\bin;C:\Users\rlytvyshko\scoop\shims;C:\Users\rlytvyshko\AppData\Local\Microsoft\WindowsApps;C:\Users\rlytvyshko\scoop\apps\maven\current\bin;C:\Users\rlytvyshko\scoop\apps\gradle\current\bin;C:\Users\rlytvyshko\scoop\apps\sbt\current\bin;D:\Java\IntelliJ IDEA 2019.2\bin;D:\Work\openShift;C:\Users\rlytvyshko\scoop\apps\kafka\current\bin\windows
USERNAME=rlytvyshko
DISPLAY=:0.0
OS=Windows_NT
PROCESSOR_IDENTIFIER=Intel64 Family 6 Model 142 Stepping 12, GenuineIntel



---------------  S Y S T E M  ---------------

OS: Windows 10 , 64 bit Build 18362 (10.0.18362.329)
HyperV virtualization detected

CPU:total 8 (initial active 8) (4 cores per cpu, 2 threads per core) family 6 model 142 stepping 12, cmov, cx8, fxsr, mmx, sse, sse2, sse3, ssse3, sse4.1, sse4.2, popcnt, avx, avx2, aes, clmul, erms, rtm, 3dnowpref, lzcnt, ht, tsc, tscinvbit, bmi1, bmi2, adx, fma

Memory: 4k page, system-wide physical 16198M (2435M free)
TotalPageFile size 29948M (AvailPageFile size 3M)
current process WorkingSet (physical memory assigned to process): 41M, peak: 41M
current process commit charge ("private bytes"): 337M, peak: 337M

vm_info: OpenJDK 64-Bit Server VM (11.0.5+10-b520.17) for windows-amd64 JRE (11.0.5+10-b520.17), built on Dec  2 2019 12:11:34 by "" with MS VC++ 14.0 (VS2015)

END.
